<?xml version="1.0" encoding="UTF-8"?>
<!-- Generated by org.testng.reporters.JUnitReportReporter -->
<testsuite skipped="0" hostname="Adhrith" name="testCases.TestCase1" tests="1" failures="0" timestamp="13 Aug 2019 08:41:42 GMT" time="12.321" errors="0">
  <testcase name="NotPwned" time="12.321" classname="testCases.TestCase1"/>
</testsuite> <!-- testCases.TestCase1 -->
