<?xml version="1.0" encoding="UTF-8"?>
<!-- Generated by org.testng.reporters.JUnitReportReporter -->
<testsuite skipped="0" hostname="Adhrith" name="testCases.TestCase2" tests="1" failures="0" timestamp="13 Aug 2019 08:41:42 GMT" time="12.112" errors="0">
  <testcase name="Pwned" time="12.112" classname="testCases.TestCase2"/>
</testsuite> <!-- testCases.TestCase2 -->
