<?xml version="1.0" encoding="UTF-8"?>
<!-- Generated by org.testng.reporters.JUnitReportReporter -->
<testsuite skipped="0" hostname="Adhrith" name="pages.TC001" tests="1" failures="0" timestamp="12 Aug 2019 17:06:49 GMT" time="0.010" errors="0">
  <testcase name="Helloworld" time="0.010" classname="pages.TC001"/>
</testsuite> <!-- pages.TC001 -->
