<?xml version="1.0" encoding="UTF-8"?>
<!-- Generated by org.testng.reporters.JUnitReportReporter -->
<testsuite skipped="0" hostname="Adhrith" name="testCases.TC003" tests="1" failures="0" timestamp="12 Aug 2019 22:14:15 GMT" time="7.158" errors="0">
  <testcase name="verifyEmailId1" time="7.158" classname="testCases.TC003"/>
</testsuite> <!-- testCases.TC003 -->
